<?xml version="1.0" encoding="UTF-8"?>
<!-- Generated by org.testng.reporters.JUnitReportReporter -->
<testsuite hostname="DESKTOP-USUCV86" failures="0" tests="1" name="pack1.webclass" time="10.345" errors="0" timestamp="2025-05-28T22:36:56 IST" skipped="0">
  <testcase classname="pack1.webclass" name="testLogin" time="10.345"/>
</testsuite> <!-- pack1.webclass -->
